ARM GAS  C:\Users\JCEM\AppData\Local\Temp\ccYh9Xee.s 			page 1


   1              		.cpu cortex-m3
   2              		.eabi_attribute 20, 1
   3              		.eabi_attribute 21, 1
   4              		.eabi_attribute 23, 3
   5              		.eabi_attribute 24, 1
   6              		.eabi_attribute 25, 1
   7              		.eabi_attribute 26, 1
   8              		.eabi_attribute 30, 1
   9              		.eabi_attribute 34, 1
  10              		.eabi_attribute 18, 4
  11              		.file	"kinematics_corexy.c"
  12              		.text
  13              	.Ltext0:
  14              		.cfi_sections	.debug_frame
  15              	.Letext0:
  16              		.file 1 "c:\\program files (x86)\\gnu arm embedded toolchain\\9 2020-q2-update\\arm-none-eabi\\inc
  17              		.file 2 "c:\\program files (x86)\\gnu arm embedded toolchain\\9 2020-q2-update\\arm-none-eabi\\inc
  18              		.file 3 "Drivers/CMSIS/Include/core_cm3.h"
  19              		.file 4 "Drivers/CMSIS/Device/ST/STM32F1xx/Include/system_stm32f1xx.h"
  20              		.file 5 "Drivers/STM32F1xx_HAL_Driver/Inc/stm32f1xx_hal.h"
ARM GAS  C:\Users\JCEM\AppData\Local\Temp\ccYh9Xee.s 			page 2


DEFINED SYMBOLS
                            *ABS*:00000000 kinematics_corexy.c

NO UNDEFINED SYMBOLS
