ARM GAS  C:\Users\JCEM\AppData\Local\Temp\cctPSrKi.s 			page 1


   1              		.cpu cortex-m3
   2              		.eabi_attribute 20, 1
   3              		.eabi_attribute 21, 1
   4              		.eabi_attribute 23, 3
   5              		.eabi_attribute 24, 1
   6              		.eabi_attribute 25, 1
   7              		.eabi_attribute 26, 1
   8              		.eabi_attribute 30, 1
   9              		.eabi_attribute 34, 1
  10              		.eabi_attribute 18, 4
  11              		.file	"usbd_cdc_if.c"
  12              		.text
  13              	.Ltext0:
  14              		.cfi_sections	.debug_frame
  15              		.section	.text.CDC_DeInit_FS,"ax",%progbits
  16              		.align	1
  17              		.arch armv7-m
  18              		.syntax unified
  19              		.thumb
  20              		.thumb_func
  21              		.fpu softvfp
  23              	CDC_DeInit_FS:
  24              	.LFB69:
  25              		.file 1 "Src/usbd_cdc_if.c"
   1:Src/usbd_cdc_if.c **** /* USER CODE BEGIN Header */
   2:Src/usbd_cdc_if.c **** /**
   3:Src/usbd_cdc_if.c ****   ******************************************************************************
   4:Src/usbd_cdc_if.c ****   * @file           : usbd_cdc_if.c
   5:Src/usbd_cdc_if.c ****   * @version        : v2.0_Cube
   6:Src/usbd_cdc_if.c ****   * @brief          : Usb device for Virtual Com Port.
   7:Src/usbd_cdc_if.c ****   ******************************************************************************
   8:Src/usbd_cdc_if.c ****   * @attention
   9:Src/usbd_cdc_if.c ****   *
  10:Src/usbd_cdc_if.c ****   * <h2><center>&copy; Copyright (c) 2020 STMicroelectronics.
  11:Src/usbd_cdc_if.c ****   * All rights reserved.</center></h2>
  12:Src/usbd_cdc_if.c ****   *
  13:Src/usbd_cdc_if.c ****   * This software component is licensed by ST under Ultimate Liberty license
  14:Src/usbd_cdc_if.c ****   * SLA0044, the "License"; You may not use this file except in compliance with
  15:Src/usbd_cdc_if.c ****   * the License. You may obtain a copy of the License at:
  16:Src/usbd_cdc_if.c ****   *                             www.st.com/SLA0044
  17:Src/usbd_cdc_if.c ****   *
  18:Src/usbd_cdc_if.c ****   ******************************************************************************
  19:Src/usbd_cdc_if.c ****   */
  20:Src/usbd_cdc_if.c **** /* USER CODE END Header */
  21:Src/usbd_cdc_if.c **** 
  22:Src/usbd_cdc_if.c **** /* Includes ------------------------------------------------------------------*/
  23:Src/usbd_cdc_if.c **** #include "usbd_cdc_if.h"
  24:Src/usbd_cdc_if.c **** 
  25:Src/usbd_cdc_if.c **** /* USER CODE BEGIN INCLUDE */
  26:Src/usbd_cdc_if.c **** 
  27:Src/usbd_cdc_if.c **** /* USER CODE END INCLUDE */
  28:Src/usbd_cdc_if.c **** 
  29:Src/usbd_cdc_if.c **** /* Private typedef -----------------------------------------------------------*/
  30:Src/usbd_cdc_if.c **** /* Private define ------------------------------------------------------------*/
  31:Src/usbd_cdc_if.c **** /* Private macro -------------------------------------------------------------*/
  32:Src/usbd_cdc_if.c **** 
  33:Src/usbd_cdc_if.c **** /* USER CODE BEGIN PV */
ARM GAS  C:\Users\JCEM\AppData\Local\Temp\cctPSrKi.s 			page 2


  34:Src/usbd_cdc_if.c **** /* Private variables ---------------------------------------------------------*/
  35:Src/usbd_cdc_if.c **** 
  36:Src/usbd_cdc_if.c **** /* USER CODE END PV */
  37:Src/usbd_cdc_if.c **** 
  38:Src/usbd_cdc_if.c **** /** @addtogroup STM32_USB_OTG_DEVICE_LIBRARY
  39:Src/usbd_cdc_if.c ****   * @brief Usb device library.
  40:Src/usbd_cdc_if.c ****   * @{
  41:Src/usbd_cdc_if.c ****   */
  42:Src/usbd_cdc_if.c **** 
  43:Src/usbd_cdc_if.c **** /** @addtogroup USBD_CDC_IF
  44:Src/usbd_cdc_if.c ****   * @{
  45:Src/usbd_cdc_if.c ****   */
  46:Src/usbd_cdc_if.c **** 
  47:Src/usbd_cdc_if.c **** /** @defgroup USBD_CDC_IF_Private_TypesDefinitions USBD_CDC_IF_Private_TypesDefinitions
  48:Src/usbd_cdc_if.c ****   * @brief Private types.
  49:Src/usbd_cdc_if.c ****   * @{
  50:Src/usbd_cdc_if.c ****   */
  51:Src/usbd_cdc_if.c **** 
  52:Src/usbd_cdc_if.c **** /* USER CODE BEGIN PRIVATE_TYPES */
  53:Src/usbd_cdc_if.c **** 
  54:Src/usbd_cdc_if.c **** /* USER CODE END PRIVATE_TYPES */
  55:Src/usbd_cdc_if.c **** 
  56:Src/usbd_cdc_if.c **** /**
  57:Src/usbd_cdc_if.c ****   * @}
  58:Src/usbd_cdc_if.c ****   */
  59:Src/usbd_cdc_if.c **** 
  60:Src/usbd_cdc_if.c **** /** @defgroup USBD_CDC_IF_Private_Defines USBD_CDC_IF_Private_Defines
  61:Src/usbd_cdc_if.c ****   * @brief Private defines.
  62:Src/usbd_cdc_if.c ****   * @{
  63:Src/usbd_cdc_if.c ****   */
  64:Src/usbd_cdc_if.c **** 
  65:Src/usbd_cdc_if.c **** /* USER CODE BEGIN PRIVATE_DEFINES */
  66:Src/usbd_cdc_if.c **** /* Define size for the receive and transmit buffer over CDC */
  67:Src/usbd_cdc_if.c **** /* It's up to user to redefine and/or remove those define */
  68:Src/usbd_cdc_if.c **** #define APP_RX_DATA_SIZE  1000
  69:Src/usbd_cdc_if.c **** #define APP_TX_DATA_SIZE  1000
  70:Src/usbd_cdc_if.c **** /* USER CODE END PRIVATE_DEFINES */
  71:Src/usbd_cdc_if.c **** 
  72:Src/usbd_cdc_if.c **** /**
  73:Src/usbd_cdc_if.c ****   * @}
  74:Src/usbd_cdc_if.c ****   */
  75:Src/usbd_cdc_if.c **** 
  76:Src/usbd_cdc_if.c **** /** @defgroup USBD_CDC_IF_Private_Macros USBD_CDC_IF_Private_Macros
  77:Src/usbd_cdc_if.c ****   * @brief Private macros.
  78:Src/usbd_cdc_if.c ****   * @{
  79:Src/usbd_cdc_if.c ****   */
  80:Src/usbd_cdc_if.c **** 
  81:Src/usbd_cdc_if.c **** /* USER CODE BEGIN PRIVATE_MACRO */
  82:Src/usbd_cdc_if.c **** 
  83:Src/usbd_cdc_if.c **** /* USER CODE END PRIVATE_MACRO */
  84:Src/usbd_cdc_if.c **** 
  85:Src/usbd_cdc_if.c **** /**
  86:Src/usbd_cdc_if.c ****   * @}
  87:Src/usbd_cdc_if.c ****   */
  88:Src/usbd_cdc_if.c **** 
  89:Src/usbd_cdc_if.c **** /** @defgroup USBD_CDC_IF_Private_Variables USBD_CDC_IF_Private_Variables
  90:Src/usbd_cdc_if.c ****   * @brief Private variables.
ARM GAS  C:\Users\JCEM\AppData\Local\Temp\cctPSrKi.s 			page 3


  91:Src/usbd_cdc_if.c ****   * @{
  92:Src/usbd_cdc_if.c ****   */
  93:Src/usbd_cdc_if.c **** /* Create buffer for reception and transmission           */
  94:Src/usbd_cdc_if.c **** /* It's up to user to redefine and/or remove those define */
  95:Src/usbd_cdc_if.c **** /** Received data over USB are stored in this buffer      */
  96:Src/usbd_cdc_if.c **** uint8_t UserRxBufferFS[APP_RX_DATA_SIZE];
  97:Src/usbd_cdc_if.c **** 
  98:Src/usbd_cdc_if.c **** /** Data to send over USB CDC are stored in this buffer   */
  99:Src/usbd_cdc_if.c **** uint8_t UserTxBufferFS[APP_TX_DATA_SIZE];
 100:Src/usbd_cdc_if.c **** 
 101:Src/usbd_cdc_if.c **** /* USER CODE BEGIN PRIVATE_VARIABLES */
 102:Src/usbd_cdc_if.c **** 
 103:Src/usbd_cdc_if.c **** /* USER CODE END PRIVATE_VARIABLES */
 104:Src/usbd_cdc_if.c **** 
 105:Src/usbd_cdc_if.c **** /**
 106:Src/usbd_cdc_if.c ****   * @}
 107:Src/usbd_cdc_if.c ****   */
 108:Src/usbd_cdc_if.c **** 
 109:Src/usbd_cdc_if.c **** /** @defgroup USBD_CDC_IF_Exported_Variables USBD_CDC_IF_Exported_Variables
 110:Src/usbd_cdc_if.c ****   * @brief Public variables.
 111:Src/usbd_cdc_if.c ****   * @{
 112:Src/usbd_cdc_if.c ****   */
 113:Src/usbd_cdc_if.c **** 
 114:Src/usbd_cdc_if.c **** extern USBD_HandleTypeDef hUsbDeviceFS;
 115:Src/usbd_cdc_if.c **** 
 116:Src/usbd_cdc_if.c **** /* USER CODE BEGIN EXPORTED_VARIABLES */
 117:Src/usbd_cdc_if.c **** 
 118:Src/usbd_cdc_if.c **** /* USER CODE END EXPORTED_VARIABLES */
 119:Src/usbd_cdc_if.c **** 
 120:Src/usbd_cdc_if.c **** /**
 121:Src/usbd_cdc_if.c ****   * @}
 122:Src/usbd_cdc_if.c ****   */
 123:Src/usbd_cdc_if.c **** 
 124:Src/usbd_cdc_if.c **** /** @defgroup USBD_CDC_IF_Private_FunctionPrototypes USBD_CDC_IF_Private_FunctionPrototypes
 125:Src/usbd_cdc_if.c ****   * @brief Private functions declaration.
 126:Src/usbd_cdc_if.c ****   * @{
 127:Src/usbd_cdc_if.c ****   */
 128:Src/usbd_cdc_if.c **** 
 129:Src/usbd_cdc_if.c **** static int8_t CDC_Init_FS(void);
 130:Src/usbd_cdc_if.c **** static int8_t CDC_DeInit_FS(void);
 131:Src/usbd_cdc_if.c **** static int8_t CDC_Control_FS(uint8_t cmd, uint8_t* pbuf, uint16_t length);
 132:Src/usbd_cdc_if.c **** static int8_t CDC_Receive_FS(uint8_t* pbuf, uint32_t *Len);
 133:Src/usbd_cdc_if.c **** 
 134:Src/usbd_cdc_if.c **** /* USER CODE BEGIN PRIVATE_FUNCTIONS_DECLARATION */
 135:Src/usbd_cdc_if.c **** 
 136:Src/usbd_cdc_if.c **** /* USER CODE END PRIVATE_FUNCTIONS_DECLARATION */
 137:Src/usbd_cdc_if.c **** 
 138:Src/usbd_cdc_if.c **** /**
 139:Src/usbd_cdc_if.c ****   * @}
 140:Src/usbd_cdc_if.c ****   */
 141:Src/usbd_cdc_if.c **** 
 142:Src/usbd_cdc_if.c **** USBD_CDC_ItfTypeDef USBD_Interface_fops_FS =
 143:Src/usbd_cdc_if.c **** {
 144:Src/usbd_cdc_if.c ****   CDC_Init_FS,
 145:Src/usbd_cdc_if.c ****   CDC_DeInit_FS,
 146:Src/usbd_cdc_if.c ****   CDC_Control_FS,
 147:Src/usbd_cdc_if.c ****   CDC_Receive_FS
ARM GAS  C:\Users\JCEM\AppData\Local\Temp\cctPSrKi.s 			page 4


 148:Src/usbd_cdc_if.c **** };
 149:Src/usbd_cdc_if.c **** 
 150:Src/usbd_cdc_if.c **** /* Private functions ---------------------------------------------------------*/
 151:Src/usbd_cdc_if.c **** /**
 152:Src/usbd_cdc_if.c ****   * @brief  Initializes the CDC media low layer over the FS USB IP
 153:Src/usbd_cdc_if.c ****   * @retval USBD_OK if all operations are OK else USBD_FAIL
 154:Src/usbd_cdc_if.c ****   */
 155:Src/usbd_cdc_if.c **** static int8_t CDC_Init_FS(void)
 156:Src/usbd_cdc_if.c **** {
 157:Src/usbd_cdc_if.c ****   /* USER CODE BEGIN 3 */
 158:Src/usbd_cdc_if.c ****   /* Set Application Buffers */
 159:Src/usbd_cdc_if.c ****   USBD_CDC_SetTxBuffer(&hUsbDeviceFS, UserTxBufferFS, 0);
 160:Src/usbd_cdc_if.c ****   USBD_CDC_SetRxBuffer(&hUsbDeviceFS, UserRxBufferFS);
 161:Src/usbd_cdc_if.c ****   return (USBD_OK);
 162:Src/usbd_cdc_if.c ****   /* USER CODE END 3 */
 163:Src/usbd_cdc_if.c **** }
 164:Src/usbd_cdc_if.c **** 
 165:Src/usbd_cdc_if.c **** /**
 166:Src/usbd_cdc_if.c ****   * @brief  DeInitializes the CDC media low layer
 167:Src/usbd_cdc_if.c ****   * @retval USBD_OK if all operations are OK else USBD_FAIL
 168:Src/usbd_cdc_if.c ****   */
 169:Src/usbd_cdc_if.c **** static int8_t CDC_DeInit_FS(void)
 170:Src/usbd_cdc_if.c **** {
  26              		.loc 1 170 1 view -0
  27              		.cfi_startproc
  28              		@ args = 0, pretend = 0, frame = 0
  29              		@ frame_needed = 0, uses_anonymous_args = 0
  30              		@ link register save eliminated.
 171:Src/usbd_cdc_if.c ****   /* USER CODE BEGIN 4 */
 172:Src/usbd_cdc_if.c ****   return (USBD_OK);
  31              		.loc 1 172 3 view .LVU1
 173:Src/usbd_cdc_if.c ****   /* USER CODE END 4 */
 174:Src/usbd_cdc_if.c **** }
  32              		.loc 1 174 1 is_stmt 0 view .LVU2
  33 0000 0020     		movs	r0, #0
  34 0002 7047     		bx	lr
  35              		.cfi_endproc
  36              	.LFE69:
  38              		.section	.text.CDC_Control_FS,"ax",%progbits
  39              		.align	1
  40              		.syntax unified
  41              		.thumb
  42              		.thumb_func
  43              		.fpu softvfp
  45              	CDC_Control_FS:
  46              	.LVL0:
  47              	.LFB70:
 175:Src/usbd_cdc_if.c **** 
 176:Src/usbd_cdc_if.c **** /**
 177:Src/usbd_cdc_if.c ****   * @brief  Manage the CDC class requests
 178:Src/usbd_cdc_if.c ****   * @param  cmd: Command code
 179:Src/usbd_cdc_if.c ****   * @param  pbuf: Buffer containing command data (request parameters)
 180:Src/usbd_cdc_if.c ****   * @param  length: Number of data to be sent (in bytes)
 181:Src/usbd_cdc_if.c ****   * @retval Result of the operation: USBD_OK if all operations are OK else USBD_FAIL
 182:Src/usbd_cdc_if.c ****   */
 183:Src/usbd_cdc_if.c **** static int8_t CDC_Control_FS(uint8_t cmd, uint8_t* pbuf, uint16_t length)
 184:Src/usbd_cdc_if.c **** {
ARM GAS  C:\Users\JCEM\AppData\Local\Temp\cctPSrKi.s 			page 5


  48              		.loc 1 184 1 is_stmt 1 view -0
  49              		.cfi_startproc
  50              		@ args = 0, pretend = 0, frame = 0
  51              		@ frame_needed = 0, uses_anonymous_args = 0
  52              		@ link register save eliminated.
 185:Src/usbd_cdc_if.c ****   /* USER CODE BEGIN 5 */
 186:Src/usbd_cdc_if.c ****   switch(cmd)
  53              		.loc 1 186 3 view .LVU4
 187:Src/usbd_cdc_if.c ****   {
 188:Src/usbd_cdc_if.c ****     case CDC_SEND_ENCAPSULATED_COMMAND:
 189:Src/usbd_cdc_if.c **** 
 190:Src/usbd_cdc_if.c ****     break;
 191:Src/usbd_cdc_if.c **** 
 192:Src/usbd_cdc_if.c ****     case CDC_GET_ENCAPSULATED_RESPONSE:
 193:Src/usbd_cdc_if.c **** 
 194:Src/usbd_cdc_if.c ****     break;
 195:Src/usbd_cdc_if.c **** 
 196:Src/usbd_cdc_if.c ****     case CDC_SET_COMM_FEATURE:
 197:Src/usbd_cdc_if.c **** 
 198:Src/usbd_cdc_if.c ****     break;
 199:Src/usbd_cdc_if.c **** 
 200:Src/usbd_cdc_if.c ****     case CDC_GET_COMM_FEATURE:
 201:Src/usbd_cdc_if.c **** 
 202:Src/usbd_cdc_if.c ****     break;
 203:Src/usbd_cdc_if.c **** 
 204:Src/usbd_cdc_if.c ****     case CDC_CLEAR_COMM_FEATURE:
 205:Src/usbd_cdc_if.c **** 
 206:Src/usbd_cdc_if.c ****     break;
 207:Src/usbd_cdc_if.c **** 
 208:Src/usbd_cdc_if.c ****   /*******************************************************************************/
 209:Src/usbd_cdc_if.c ****   /* Line Coding Structure                                                       */
 210:Src/usbd_cdc_if.c ****   /*-----------------------------------------------------------------------------*/
 211:Src/usbd_cdc_if.c ****   /* Offset | Field       | Size | Value  | Description                          */
 212:Src/usbd_cdc_if.c ****   /* 0      | dwDTERate   |   4  | Number |Data terminal rate, in bits per second*/
 213:Src/usbd_cdc_if.c ****   /* 4      | bCharFormat |   1  | Number | Stop bits                            */
 214:Src/usbd_cdc_if.c ****   /*                                        0 - 1 Stop bit                       */
 215:Src/usbd_cdc_if.c ****   /*                                        1 - 1.5 Stop bits                    */
 216:Src/usbd_cdc_if.c ****   /*                                        2 - 2 Stop bits                      */
 217:Src/usbd_cdc_if.c ****   /* 5      | bParityType |  1   | Number | Parity                               */
 218:Src/usbd_cdc_if.c ****   /*                                        0 - None                             */
 219:Src/usbd_cdc_if.c ****   /*                                        1 - Odd                              */
 220:Src/usbd_cdc_if.c ****   /*                                        2 - Even                             */
 221:Src/usbd_cdc_if.c ****   /*                                        3 - Mark                             */
 222:Src/usbd_cdc_if.c ****   /*                                        4 - Space                            */
 223:Src/usbd_cdc_if.c ****   /* 6      | bDataBits  |   1   | Number Data bits (5, 6, 7, 8 or 16).          */
 224:Src/usbd_cdc_if.c ****   /*******************************************************************************/
 225:Src/usbd_cdc_if.c ****     case CDC_SET_LINE_CODING:
 226:Src/usbd_cdc_if.c **** 
 227:Src/usbd_cdc_if.c ****     break;
 228:Src/usbd_cdc_if.c **** 
 229:Src/usbd_cdc_if.c ****     case CDC_GET_LINE_CODING:
 230:Src/usbd_cdc_if.c **** 
 231:Src/usbd_cdc_if.c ****     break;
 232:Src/usbd_cdc_if.c **** 
 233:Src/usbd_cdc_if.c ****     case CDC_SET_CONTROL_LINE_STATE:
 234:Src/usbd_cdc_if.c **** 
 235:Src/usbd_cdc_if.c ****     break;
ARM GAS  C:\Users\JCEM\AppData\Local\Temp\cctPSrKi.s 			page 6


 236:Src/usbd_cdc_if.c **** 
 237:Src/usbd_cdc_if.c ****     case CDC_SEND_BREAK:
 238:Src/usbd_cdc_if.c **** 
 239:Src/usbd_cdc_if.c ****     break;
 240:Src/usbd_cdc_if.c **** 
 241:Src/usbd_cdc_if.c ****   default:
 242:Src/usbd_cdc_if.c ****     break;
 243:Src/usbd_cdc_if.c ****   }
 244:Src/usbd_cdc_if.c **** 
 245:Src/usbd_cdc_if.c ****   return (USBD_OK);
  54              		.loc 1 245 3 view .LVU5
 246:Src/usbd_cdc_if.c ****   /* USER CODE END 5 */
 247:Src/usbd_cdc_if.c **** }
  55              		.loc 1 247 1 is_stmt 0 view .LVU6
  56 0000 0020     		movs	r0, #0
  57              	.LVL1:
  58              		.loc 1 247 1 view .LVU7
  59 0002 7047     		bx	lr
  60              		.cfi_endproc
  61              	.LFE70:
  63              		.section	.text.CDC_Receive_FS,"ax",%progbits
  64              		.align	1
  65              		.syntax unified
  66              		.thumb
  67              		.thumb_func
  68              		.fpu softvfp
  70              	CDC_Receive_FS:
  71              	.LVL2:
  72              	.LFB71:
 248:Src/usbd_cdc_if.c **** 
 249:Src/usbd_cdc_if.c **** /**
 250:Src/usbd_cdc_if.c ****   * @brief  Data received over USB OUT endpoint are sent over CDC interface
 251:Src/usbd_cdc_if.c ****   *         through this function.
 252:Src/usbd_cdc_if.c ****   *
 253:Src/usbd_cdc_if.c ****   *         @note
 254:Src/usbd_cdc_if.c ****   *         This function will block any OUT packet reception on USB endpoint
 255:Src/usbd_cdc_if.c ****   *         untill exiting this function. If you exit this function before transfer
 256:Src/usbd_cdc_if.c ****   *         is complete on CDC interface (ie. using DMA controller) it will result
 257:Src/usbd_cdc_if.c ****   *         in receiving more data while previous ones are still not sent.
 258:Src/usbd_cdc_if.c ****   *
 259:Src/usbd_cdc_if.c ****   * @param  Buf: Buffer of data to be received
 260:Src/usbd_cdc_if.c ****   * @param  Len: Number of data received (in bytes)
 261:Src/usbd_cdc_if.c ****   * @retval Result of the operation: USBD_OK if all operations are OK else USBD_FAIL
 262:Src/usbd_cdc_if.c ****   */
 263:Src/usbd_cdc_if.c **** static int8_t CDC_Receive_FS(uint8_t* Buf, uint32_t *Len)
 264:Src/usbd_cdc_if.c **** {
  73              		.loc 1 264 1 is_stmt 1 view -0
  74              		.cfi_startproc
  75              		@ args = 0, pretend = 0, frame = 0
  76              		@ frame_needed = 0, uses_anonymous_args = 0
  77              		.loc 1 264 1 is_stmt 0 view .LVU9
  78 0000 10B5     		push	{r4, lr}
  79              	.LCFI0:
  80              		.cfi_def_cfa_offset 8
  81              		.cfi_offset 4, -8
  82              		.cfi_offset 14, -4
  83 0002 0146     		mov	r1, r0
ARM GAS  C:\Users\JCEM\AppData\Local\Temp\cctPSrKi.s 			page 7


  84              	.LVL3:
 265:Src/usbd_cdc_if.c ****   /* USER CODE BEGIN 6 */
 266:Src/usbd_cdc_if.c ****   USBD_CDC_SetRxBuffer(&hUsbDeviceFS, &Buf[0]);
  85              		.loc 1 266 3 is_stmt 1 view .LVU10
  86 0004 044C     		ldr	r4, .L5
  87 0006 2046     		mov	r0, r4
  88              	.LVL4:
  89              		.loc 1 266 3 is_stmt 0 view .LVU11
  90 0008 FFF7FEFF 		bl	USBD_CDC_SetRxBuffer
  91              	.LVL5:
 267:Src/usbd_cdc_if.c ****   USBD_CDC_ReceivePacket(&hUsbDeviceFS);
  92              		.loc 1 267 3 is_stmt 1 view .LVU12
  93 000c 2046     		mov	r0, r4
  94 000e FFF7FEFF 		bl	USBD_CDC_ReceivePacket
  95              	.LVL6:
 268:Src/usbd_cdc_if.c ****   return (USBD_OK);
  96              		.loc 1 268 3 view .LVU13
 269:Src/usbd_cdc_if.c ****   /* USER CODE END 6 */
 270:Src/usbd_cdc_if.c **** }
  97              		.loc 1 270 1 is_stmt 0 view .LVU14
  98 0012 0020     		movs	r0, #0
  99 0014 10BD     		pop	{r4, pc}
 100              	.L6:
 101 0016 00BF     		.align	2
 102              	.L5:
 103 0018 00000000 		.word	hUsbDeviceFS
 104              		.cfi_endproc
 105              	.LFE71:
 107              		.section	.text.CDC_Init_FS,"ax",%progbits
 108              		.align	1
 109              		.syntax unified
 110              		.thumb
 111              		.thumb_func
 112              		.fpu softvfp
 114              	CDC_Init_FS:
 115              	.LFB68:
 156:Src/usbd_cdc_if.c ****   /* USER CODE BEGIN 3 */
 116              		.loc 1 156 1 is_stmt 1 view -0
 117              		.cfi_startproc
 118              		@ args = 0, pretend = 0, frame = 0
 119              		@ frame_needed = 0, uses_anonymous_args = 0
 120 0000 10B5     		push	{r4, lr}
 121              	.LCFI1:
 122              		.cfi_def_cfa_offset 8
 123              		.cfi_offset 4, -8
 124              		.cfi_offset 14, -4
 159:Src/usbd_cdc_if.c ****   USBD_CDC_SetRxBuffer(&hUsbDeviceFS, UserRxBufferFS);
 125              		.loc 1 159 3 view .LVU16
 126 0002 064C     		ldr	r4, .L9
 127 0004 0022     		movs	r2, #0
 128 0006 0649     		ldr	r1, .L9+4
 129 0008 2046     		mov	r0, r4
 130 000a FFF7FEFF 		bl	USBD_CDC_SetTxBuffer
 131              	.LVL7:
 160:Src/usbd_cdc_if.c ****   return (USBD_OK);
 132              		.loc 1 160 3 view .LVU17
 133 000e 0549     		ldr	r1, .L9+8
ARM GAS  C:\Users\JCEM\AppData\Local\Temp\cctPSrKi.s 			page 8


 134 0010 2046     		mov	r0, r4
 135 0012 FFF7FEFF 		bl	USBD_CDC_SetRxBuffer
 136              	.LVL8:
 161:Src/usbd_cdc_if.c ****   /* USER CODE END 3 */
 137              		.loc 1 161 3 view .LVU18
 163:Src/usbd_cdc_if.c **** 
 138              		.loc 1 163 1 is_stmt 0 view .LVU19
 139 0016 0020     		movs	r0, #0
 140 0018 10BD     		pop	{r4, pc}
 141              	.L10:
 142 001a 00BF     		.align	2
 143              	.L9:
 144 001c 00000000 		.word	hUsbDeviceFS
 145 0020 00000000 		.word	UserTxBufferFS
 146 0024 00000000 		.word	UserRxBufferFS
 147              		.cfi_endproc
 148              	.LFE68:
 150              		.section	.text.CDC_Transmit_FS,"ax",%progbits
 151              		.align	1
 152              		.global	CDC_Transmit_FS
 153              		.syntax unified
 154              		.thumb
 155              		.thumb_func
 156              		.fpu softvfp
 158              	CDC_Transmit_FS:
 159              	.LVL9:
 160              	.LFB72:
 271:Src/usbd_cdc_if.c **** 
 272:Src/usbd_cdc_if.c **** /**
 273:Src/usbd_cdc_if.c ****   * @brief  CDC_Transmit_FS
 274:Src/usbd_cdc_if.c ****   *         Data to send over USB IN endpoint are sent over CDC interface
 275:Src/usbd_cdc_if.c ****   *         through this function.
 276:Src/usbd_cdc_if.c ****   *         @note
 277:Src/usbd_cdc_if.c ****   *
 278:Src/usbd_cdc_if.c ****   *
 279:Src/usbd_cdc_if.c ****   * @param  Buf: Buffer of data to be sent
 280:Src/usbd_cdc_if.c ****   * @param  Len: Number of data to be sent (in bytes)
 281:Src/usbd_cdc_if.c ****   * @retval USBD_OK if all operations are OK else USBD_FAIL or USBD_BUSY
 282:Src/usbd_cdc_if.c ****   */
 283:Src/usbd_cdc_if.c **** uint8_t CDC_Transmit_FS(uint8_t* Buf, uint16_t Len)
 284:Src/usbd_cdc_if.c **** {
 161              		.loc 1 284 1 is_stmt 1 view -0
 162              		.cfi_startproc
 163              		@ args = 0, pretend = 0, frame = 0
 164              		@ frame_needed = 0, uses_anonymous_args = 0
 285:Src/usbd_cdc_if.c ****   uint8_t result = USBD_OK;
 165              		.loc 1 285 3 view .LVU21
 286:Src/usbd_cdc_if.c ****   /* USER CODE BEGIN 7 */
 287:Src/usbd_cdc_if.c ****   USBD_CDC_HandleTypeDef *hcdc = (USBD_CDC_HandleTypeDef*)hUsbDeviceFS.pClassData;
 166              		.loc 1 287 3 view .LVU22
 167              		.loc 1 287 27 is_stmt 0 view .LVU23
 168 0000 094B     		ldr	r3, .L19
 169 0002 D3F8B832 		ldr	r3, [r3, #696]
 170              	.LVL10:
 288:Src/usbd_cdc_if.c ****   if (hcdc->TxState != 0){
 171              		.loc 1 288 3 is_stmt 1 view .LVU24
 172              		.loc 1 288 11 is_stmt 0 view .LVU25
ARM GAS  C:\Users\JCEM\AppData\Local\Temp\cctPSrKi.s 			page 9


 173 0006 D3F81432 		ldr	r3, [r3, #532]
 174              	.LVL11:
 175              		.loc 1 288 6 view .LVU26
 176 000a 0BB1     		cbz	r3, .L18
 289:Src/usbd_cdc_if.c ****     return USBD_BUSY;
 177              		.loc 1 289 12 view .LVU27
 178 000c 0120     		movs	r0, #1
 179              	.LVL12:
 290:Src/usbd_cdc_if.c ****   }
 291:Src/usbd_cdc_if.c ****   USBD_CDC_SetTxBuffer(&hUsbDeviceFS, Buf, Len);
 292:Src/usbd_cdc_if.c ****   result = USBD_CDC_TransmitPacket(&hUsbDeviceFS);
 293:Src/usbd_cdc_if.c ****   /* USER CODE END 7 */
 294:Src/usbd_cdc_if.c ****   return result;
 295:Src/usbd_cdc_if.c **** }
 180              		.loc 1 295 1 view .LVU28
 181 000e 7047     		bx	lr
 182              	.LVL13:
 183              	.L18:
 284:Src/usbd_cdc_if.c ****   uint8_t result = USBD_OK;
 184              		.loc 1 284 1 view .LVU29
 185 0010 10B5     		push	{r4, lr}
 186              	.LCFI2:
 187              		.cfi_def_cfa_offset 8
 188              		.cfi_offset 4, -8
 189              		.cfi_offset 14, -4
 291:Src/usbd_cdc_if.c ****   result = USBD_CDC_TransmitPacket(&hUsbDeviceFS);
 190              		.loc 1 291 3 is_stmt 1 view .LVU30
 191 0012 054C     		ldr	r4, .L19
 192              	.LVL14:
 291:Src/usbd_cdc_if.c ****   result = USBD_CDC_TransmitPacket(&hUsbDeviceFS);
 193              		.loc 1 291 3 is_stmt 0 view .LVU31
 194 0014 0A46     		mov	r2, r1
 195 0016 0146     		mov	r1, r0
 196              	.LVL15:
 291:Src/usbd_cdc_if.c ****   result = USBD_CDC_TransmitPacket(&hUsbDeviceFS);
 197              		.loc 1 291 3 view .LVU32
 198 0018 2046     		mov	r0, r4
 199              	.LVL16:
 291:Src/usbd_cdc_if.c ****   result = USBD_CDC_TransmitPacket(&hUsbDeviceFS);
 200              		.loc 1 291 3 view .LVU33
 201 001a FFF7FEFF 		bl	USBD_CDC_SetTxBuffer
 202              	.LVL17:
 292:Src/usbd_cdc_if.c ****   /* USER CODE END 7 */
 203              		.loc 1 292 3 is_stmt 1 view .LVU34
 292:Src/usbd_cdc_if.c ****   /* USER CODE END 7 */
 204              		.loc 1 292 12 is_stmt 0 view .LVU35
 205 001e 2046     		mov	r0, r4
 206 0020 FFF7FEFF 		bl	USBD_CDC_TransmitPacket
 207              	.LVL18:
 294:Src/usbd_cdc_if.c **** }
 208              		.loc 1 294 3 is_stmt 1 view .LVU36
 209              		.loc 1 295 1 is_stmt 0 view .LVU37
 210 0024 10BD     		pop	{r4, pc}
 211              	.L20:
 212 0026 00BF     		.align	2
 213              	.L19:
 214 0028 00000000 		.word	hUsbDeviceFS
ARM GAS  C:\Users\JCEM\AppData\Local\Temp\cctPSrKi.s 			page 10


 215              		.cfi_endproc
 216              	.LFE72:
 218              		.global	USBD_Interface_fops_FS
 219              		.comm	UserTxBufferFS,1000,4
 220              		.comm	UserRxBufferFS,1000,4
 221              		.section	.data.USBD_Interface_fops_FS,"aw"
 222              		.align	2
 225              	USBD_Interface_fops_FS:
 226 0000 00000000 		.word	CDC_Init_FS
 227 0004 00000000 		.word	CDC_DeInit_FS
 228 0008 00000000 		.word	CDC_Control_FS
 229 000c 00000000 		.word	CDC_Receive_FS
 230              		.text
 231              	.Letext0:
 232              		.file 2 "c:\\program files (x86)\\gnu arm embedded toolchain\\9 2020-q2-update\\arm-none-eabi\\inc
 233              		.file 3 "c:\\program files (x86)\\gnu arm embedded toolchain\\9 2020-q2-update\\lib\\gcc\\arm-none
 234              		.file 4 "c:\\program files (x86)\\gnu arm embedded toolchain\\9 2020-q2-update\\arm-none-eabi\\inc
 235              		.file 5 "c:\\program files (x86)\\gnu arm embedded toolchain\\9 2020-q2-update\\arm-none-eabi\\inc
 236              		.file 6 "c:\\program files (x86)\\gnu arm embedded toolchain\\9 2020-q2-update\\arm-none-eabi\\inc
 237              		.file 7 "c:\\program files (x86)\\gnu arm embedded toolchain\\9 2020-q2-update\\arm-none-eabi\\inc
 238              		.file 8 "c:\\program files (x86)\\gnu arm embedded toolchain\\9 2020-q2-update\\arm-none-eabi\\inc
 239              		.file 9 "Drivers/CMSIS/Include/core_cm3.h"
 240              		.file 10 "Drivers/CMSIS/Device/ST/STM32F1xx/Include/system_stm32f1xx.h"
 241              		.file 11 "Drivers/STM32F1xx_HAL_Driver/Inc/stm32f1xx_hal.h"
 242              		.file 12 "Middlewares/ST/STM32_USB_Device_Library/Core/Inc/usbd_def.h"
 243              		.file 13 "Middlewares/ST/STM32_USB_Device_Library/Class/CDC/Inc/usbd_cdc.h"
 244              		.file 14 "Inc/usbd_cdc_if.h"
ARM GAS  C:\Users\JCEM\AppData\Local\Temp\cctPSrKi.s 			page 11


DEFINED SYMBOLS
                            *ABS*:00000000 usbd_cdc_if.c
C:\Users\JCEM\AppData\Local\Temp\cctPSrKi.s:16     .text.CDC_DeInit_FS:00000000 $t
C:\Users\JCEM\AppData\Local\Temp\cctPSrKi.s:23     .text.CDC_DeInit_FS:00000000 CDC_DeInit_FS
C:\Users\JCEM\AppData\Local\Temp\cctPSrKi.s:39     .text.CDC_Control_FS:00000000 $t
C:\Users\JCEM\AppData\Local\Temp\cctPSrKi.s:45     .text.CDC_Control_FS:00000000 CDC_Control_FS
C:\Users\JCEM\AppData\Local\Temp\cctPSrKi.s:64     .text.CDC_Receive_FS:00000000 $t
C:\Users\JCEM\AppData\Local\Temp\cctPSrKi.s:70     .text.CDC_Receive_FS:00000000 CDC_Receive_FS
C:\Users\JCEM\AppData\Local\Temp\cctPSrKi.s:103    .text.CDC_Receive_FS:00000018 $d
C:\Users\JCEM\AppData\Local\Temp\cctPSrKi.s:108    .text.CDC_Init_FS:00000000 $t
C:\Users\JCEM\AppData\Local\Temp\cctPSrKi.s:114    .text.CDC_Init_FS:00000000 CDC_Init_FS
C:\Users\JCEM\AppData\Local\Temp\cctPSrKi.s:144    .text.CDC_Init_FS:0000001c $d
                            *COM*:000003e8 UserTxBufferFS
                            *COM*:000003e8 UserRxBufferFS
C:\Users\JCEM\AppData\Local\Temp\cctPSrKi.s:151    .text.CDC_Transmit_FS:00000000 $t
C:\Users\JCEM\AppData\Local\Temp\cctPSrKi.s:158    .text.CDC_Transmit_FS:00000000 CDC_Transmit_FS
C:\Users\JCEM\AppData\Local\Temp\cctPSrKi.s:214    .text.CDC_Transmit_FS:00000028 $d
C:\Users\JCEM\AppData\Local\Temp\cctPSrKi.s:225    .data.USBD_Interface_fops_FS:00000000 USBD_Interface_fops_FS
C:\Users\JCEM\AppData\Local\Temp\cctPSrKi.s:222    .data.USBD_Interface_fops_FS:00000000 $d

UNDEFINED SYMBOLS
USBD_CDC_SetRxBuffer
USBD_CDC_ReceivePacket
hUsbDeviceFS
USBD_CDC_SetTxBuffer
USBD_CDC_TransmitPacket
